<?xml version="1.0" encoding="UTF-8"?>
<!-- Generated by org.testng.reporters.JUnitXMLReporter -->
<testsuite ignored="0" hostname="DESKTOP-KDJK59C" failures="0" tests="2" name="Default test" time="16.637" errors="0" timestamp="2025-11-26T23:34:02 WIB">
  <testcase classname="Gojek.SeleniumFrameworkDesign.tests.SubmitOrderTest" name="OrderHistoryTest" time="1.116"/>
  <testcase classname="Gojek.SeleniumFrameworkDesign.tests.SubmitOrderTest" name="SubmitOrderTest" time="6.932"/>
</testsuite> <!-- Default test -->
