<?xml version="1.0" encoding="UTF-8"?>
<!-- Generated by org.testng.reporters.JUnitXMLReporter -->
<testsuite ignored="1" hostname="DESKTOP-KDJK59C" failures="0" tests="1" name="Error Validations Test" time="5.154" errors="0" timestamp="2025-11-29T13:18:11 WIB">
  <testcase classname="Gojek.SeleniumFrameworkDesign.tests.ErrorValidationsTest" name="LoginErrorValidation" time="0.643"/>
  <testcase classname="Gojek.SeleniumFrameworkDesign.tests.ErrorValidationsTest" name="SubmitOrderTest" time="0.0">
    <ignored/>
  </testcase> <!-- SubmitOrderTest -->
</testsuite> <!-- Error Validations Test -->
