<?xml version="1.0" encoding="UTF-8"?>
<!-- Generated by org.testng.reporters.JUnitXMLReporter -->
<testsuite ignored="0" hostname="DESKTOP-KDJK59C" failures="0" tests="2" name="Error Validations Test" time="19.578" errors="0" timestamp="2025-12-13T15:34:41 WIB">
  <testcase classname="Gojek.SeleniumFrameworkDesign.tests.ErrorValidationsTest" name="LoginErrorValidation" time="1.116"/>
  <testcase classname="Gojek.SeleniumFrameworkDesign.tests.ErrorValidationsTest" name="SubmitOrderTest" time="2.578"/>
</testsuite> <!-- Error Validations Test -->
