<?xml version="1.0" encoding="UTF-8"?>
<!-- Generated by org.testng.reporters.JUnitXMLReporter -->
<testsuite ignored="0" hostname="DESKTOP-KDJK59C" failures="0" tests="2" name="Submit Order" time="15.974" errors="0" timestamp="2025-11-29T12:44:42 WIB">
  <testcase classname="Gojek.SeleniumFrameworkDesign.tests.SubmitOrderTest" name="OrderHistoryTest" time="1.16"/>
  <testcase classname="Gojek.SeleniumFrameworkDesign.tests.SubmitOrderTest" name="SubmitOrderTest" time="7.11"/>
</testsuite> <!-- Submit Order -->
