<?xml version="1.0" encoding="UTF-8"?>
<!-- Generated by org.testng.reporters.JUnitXMLReporter -->
<testsuite ignored="1" hostname="DESKTOP-KDJK59C" failures="0" tests="2" name="Submit Order Test" time="25.859" errors="0" timestamp="2025-12-03T00:41:26 WIB">
  <testcase classname="Gojek.SeleniumFrameworkDesign.tests.SubmitOrderTest" name="submitOrderTest" time="7.056"/>
  <testcase classname="Gojek.SeleniumFrameworkDesign.tests.SubmitOrderTest" name="submitOrderTest" time="7.187"/>
  <testcase classname="Gojek.SeleniumFrameworkDesign.tests.SubmitOrderTest" name="OrderHistoryTest" time="0.0">
    <ignored/>
  </testcase> <!-- OrderHistoryTest -->
</testsuite> <!-- Submit Order Test -->
