<?xml version="1.0" encoding="UTF-8"?>
<testng-results ignored="3" total="4" passed="1" failed="0" skipped="0">
  <reporter-output>
  </reporter-output>
  <suite started-at="2025-11-29T13:18:06 WIB" name="Suite" finished-at="2025-11-29T13:18:11 WIB" duration-ms="5154">
    <groups>
      <group name="ErrorHandling">
        <method signature="ErrorValidationsTest.LoginErrorValidation()[pri:0, instance:Gojek.SeleniumFrameworkDesign.tests.ErrorValidationsTest@4e50c791]" name="LoginErrorValidation" class="Gojek.SeleniumFrameworkDesign.tests.ErrorValidationsTest"/>
      </group> <!-- ErrorHandling -->
    </groups>
    <test started-at="2025-11-29T13:18:06 WIB" name="Submit Order Test" finished-at="2025-11-29T13:18:06 WIB" duration-ms="13">
    </test> <!-- Submit Order Test -->
    <test started-at="2025-11-29T13:18:06 WIB" name="Error Validations Test" finished-at="2025-11-29T13:18:11 WIB" duration-ms="5154">
      <class name="Gojek.SeleniumFrameworkDesign.tests.ErrorValidationsTest">
        <test-method is-config="true" signature="launchApplication()[pri:0, instance:Gojek.SeleniumFrameworkDesign.tests.ErrorValidationsTest@4e50c791]" started-at="2025-11-29T13:18:06 WIB" name="launchApplication" finished-at="2025-11-29T13:18:10 WIB" duration-ms="4231" status="PASS">
          <reporter-output>
          </reporter-output>
        </test-method> <!-- launchApplication -->
        <test-method signature="LoginErrorValidation()[pri:0, instance:Gojek.SeleniumFrameworkDesign.tests.ErrorValidationsTest@4e50c791]" started-at="2025-11-29T13:18:10 WIB" name="LoginErrorValidation" finished-at="2025-11-29T13:18:11 WIB" duration-ms="643" status="PASS">
          <reporter-output>
          </reporter-output>
        </test-method> <!-- LoginErrorValidation -->
        <test-method is-config="true" signature="tearDown()[pri:0, instance:Gojek.SeleniumFrameworkDesign.tests.ErrorValidationsTest@4e50c791]" started-at="2025-11-29T13:18:11 WIB" name="tearDown" finished-at="2025-11-29T13:18:11 WIB" duration-ms="208" status="PASS">
          <reporter-output>
          </reporter-output>
        </test-method> <!-- tearDown -->
      </class> <!-- Gojek.SeleniumFrameworkDesign.tests.ErrorValidationsTest -->
    </test> <!-- Error Validations Test -->
  </suite> <!-- Suite -->
</testng-results>
