<?xml version="1.0" encoding="UTF-8"?>
<testng-results ignored="0" total="3" passed="3" failed="0" skipped="0">
  <reporter-output>
  </reporter-output>
  <suite started-at="2025-11-23T15:43:35 WIB" name="Suite" finished-at="2025-11-23T15:43:58 WIB" duration-ms="23956">
    <groups>
    </groups>
    <test started-at="2025-11-23T15:43:35 WIB" name="Submit Order" finished-at="2025-11-23T15:43:46 WIB" duration-ms="11698">
      <class name="Gojek.SeleniumFrameworkDesign.tests.SubmitOrderTest">
        <test-method is-config="true" signature="launchApplication()[pri:0, instance:Gojek.SeleniumFrameworkDesign.tests.SubmitOrderTest@22555ebf]" started-at="2025-11-23T15:43:35 WIB" name="launchApplication" finished-at="2025-11-23T15:43:39 WIB" duration-ms="4470" status="PASS">
          <reporter-output>
          </reporter-output>
        </test-method> <!-- launchApplication -->
        <test-method signature="SubmitOrderTest()[pri:0, instance:Gojek.SeleniumFrameworkDesign.tests.SubmitOrderTest@22555ebf]" started-at="2025-11-23T15:43:39 WIB" name="SubmitOrderTest" finished-at="2025-11-23T15:43:46 WIB" duration-ms="7173" status="PASS">
          <reporter-output>
          </reporter-output>
        </test-method> <!-- SubmitOrderTest -->
        <test-method is-config="true" signature="tearDown()[pri:0, instance:Gojek.SeleniumFrameworkDesign.tests.SubmitOrderTest@22555ebf]" started-at="2025-11-23T15:43:46 WIB" name="tearDown" finished-at="2025-11-23T15:43:46 WIB" duration-ms="0" status="PASS">
          <reporter-output>
          </reporter-output>
        </test-method> <!-- tearDown -->
      </class> <!-- Gojek.SeleniumFrameworkDesign.tests.SubmitOrderTest -->
    </test> <!-- Submit Order -->
    <test started-at="2025-11-23T15:43:46 WIB" name="Error Validations Test" finished-at="2025-11-23T15:43:58 WIB" duration-ms="12203">
      <class name="Gojek.SeleniumFrameworkDesign.tests.ErrorValidationsTest">
        <test-method is-config="true" signature="launchApplication()[pri:0, instance:Gojek.SeleniumFrameworkDesign.tests.ErrorValidationsTest@4988d8b8]" started-at="2025-11-23T15:43:46 WIB" name="launchApplication" finished-at="2025-11-23T15:43:50 WIB" duration-ms="4027" status="PASS">
          <reporter-output>
          </reporter-output>
        </test-method> <!-- launchApplication -->
        <test-method signature="LoginErrorValidation()[pri:0, instance:Gojek.SeleniumFrameworkDesign.tests.ErrorValidationsTest@4988d8b8]" started-at="2025-11-23T15:43:50 WIB" name="LoginErrorValidation" finished-at="2025-11-23T15:43:51 WIB" duration-ms="1159" status="PASS">
          <reporter-output>
          </reporter-output>
        </test-method> <!-- LoginErrorValidation -->
        <test-method is-config="true" signature="tearDown()[pri:0, instance:Gojek.SeleniumFrameworkDesign.tests.ErrorValidationsTest@4988d8b8]" started-at="2025-11-23T15:43:51 WIB" name="tearDown" finished-at="2025-11-23T15:43:52 WIB" duration-ms="283" status="PASS">
          <reporter-output>
          </reporter-output>
        </test-method> <!-- tearDown -->
        <test-method is-config="true" signature="launchApplication()[pri:0, instance:Gojek.SeleniumFrameworkDesign.tests.ErrorValidationsTest@4988d8b8]" started-at="2025-11-23T15:43:52 WIB" name="launchApplication" finished-at="2025-11-23T15:43:55 WIB" duration-ms="3234" status="PASS">
          <reporter-output>
          </reporter-output>
        </test-method> <!-- launchApplication -->
        <test-method signature="SubmitOrderTest()[pri:0, instance:Gojek.SeleniumFrameworkDesign.tests.ErrorValidationsTest@4988d8b8]" started-at="2025-11-23T15:43:55 WIB" name="SubmitOrderTest" finished-at="2025-11-23T15:43:58 WIB" duration-ms="3260" status="PASS">
          <reporter-output>
          </reporter-output>
        </test-method> <!-- SubmitOrderTest -->
        <test-method is-config="true" signature="tearDown()[pri:0, instance:Gojek.SeleniumFrameworkDesign.tests.ErrorValidationsTest@4988d8b8]" started-at="2025-11-23T15:43:58 WIB" name="tearDown" finished-at="2025-11-23T15:43:58 WIB" duration-ms="222" status="PASS">
          <reporter-output>
          </reporter-output>
        </test-method> <!-- tearDown -->
      </class> <!-- Gojek.SeleniumFrameworkDesign.tests.ErrorValidationsTest -->
    </test> <!-- Error Validations Test -->
  </suite> <!-- Suite -->
</testng-results>
