<?xml version="1.0" encoding="UTF-8"?>
<!-- Generated by org.testng.reporters.JUnitReportReporter -->
<testsuite hostname="DESKTOP-KDJK59C" failures="0" tests="1" name="Gojek.SeleniumFrameworkDesign.tests.ErrorValidationsTest" time="5.082" errors="0" timestamp="2025-11-29T13:18:11 WIB" skipped="0">
  <testcase classname="Gojek.SeleniumFrameworkDesign.tests.ErrorValidationsTest" name="LoginErrorValidation" time="5.082"/>
</testsuite> <!-- Gojek.SeleniumFrameworkDesign.tests.ErrorValidationsTest -->
