<?xml version="1.0" encoding="UTF-8"?>
<!-- Generated by org.testng.reporters.JUnitReportReporter -->
<testsuite hostname="DESKTOP-KDJK59C" failures="0" tests="2" name="Gojek.SeleniumFrameworkDesign.tests.ErrorValidationsTest" time="12.185" errors="0" timestamp="2025-11-23T15:43:59 WIB" skipped="0">
  <testcase classname="Gojek.SeleniumFrameworkDesign.tests.ErrorValidationsTest" name="LoginErrorValidation" time="5.469"/>
  <testcase classname="Gojek.SeleniumFrameworkDesign.tests.ErrorValidationsTest" name="SubmitOrderTest" time="6.716"/>
</testsuite> <!-- Gojek.SeleniumFrameworkDesign.tests.ErrorValidationsTest -->
