<?xml version="1.0" encoding="UTF-8"?>
<!-- Generated by org.testng.reporters.JUnitReportReporter -->
<testsuite hostname="DESKTOP-KDJK59C" failures="0" tests="2" name="Gojek.SeleniumFrameworkDesign.tests.SubmitOrderTest" time="15.928" errors="0" timestamp="2025-11-29T12:44:42 WIB" skipped="0">
  <testcase classname="Gojek.SeleniumFrameworkDesign.tests.SubmitOrderTest" name="OrderHistoryTest" time="5.390"/>
  <testcase classname="Gojek.SeleniumFrameworkDesign.tests.SubmitOrderTest" name="SubmitOrderTest" time="10.538"/>
</testsuite> <!-- Gojek.SeleniumFrameworkDesign.tests.SubmitOrderTest -->
